<?xml version="1.0" encoding="UTF-8"?>
<testExecutions version="1">
  <file path="/Users/sandeeprajbhar/Documents/MyProject/POC/SonarQualityTest/__tests__/Test1-test.tsx">
    <testCase name="Testpage Component renders correctly" duration="401"/>
    <testCase name="Testpage Component test sample function" duration="8"/>
  </file>
</testExecutions>